<?xml version="1.0" encoding="UTF-8"?>
<!-- Generated by org.testng.reporters.JUnitReportReporter -->
<testsuite hostname="DESKTOP-PA86UNA" failures="0" tests="1" name="crudperform.TestGetMethod" time="4.007" errors="0" timestamp="2025-01-04T11:43:15 IST" skipped="0">
  <testcase classname="crudperform.TestGetMethod" name="testCase001" time="4.007"/>
  <system-out/>
</testsuite> <!-- crudperform.TestGetMethod -->
