<?xml version="1.0" encoding="UTF-8"?>
<!-- Generated by org.testng.reporters.JUnitReportReporter -->
<testsuite hostname="DESKTOP-PA86UNA" failures="0" tests="1" name="RestAssuredApiTesting.RestAssuredApiTesting.FirstGetRequest" time="3.864" errors="0" timestamp="2024-12-29T20:17:24 IST" skipped="0">
  <testcase classname="RestAssuredApiTesting.RestAssuredApiTesting.FirstGetRequest" name="testCase001" time="3.864"/>
  <system-out/>
</testsuite> <!-- RestAssuredApiTesting.RestAssuredApiTesting.FirstGetRequest -->
