<?xml version="1.0" encoding="UTF-8"?>
<!-- Generated by org.testng.reporters.JUnitReportReporter -->
<testsuite hostname="DESKTOP-PA86UNA" failures="0" tests="1" name="crudperform.Test_putMethod" time="3.903" errors="0" timestamp="2025-01-04T13:23:28 IST" skipped="0">
  <testcase classname="crudperform.Test_putMethod" name="test001" time="3.903"/>
  <system-out/>
</testsuite> <!-- crudperform.Test_putMethod -->
