<?xml version="1.0" encoding="UTF-8"?>
<!-- Generated by org.testng.reporters.JUnitReportReporter -->
<testsuite hostname="DESKTOP-PA86UNA" failures="0" tests="1" name="crudperform.TestPostMethod" time="4.287" errors="0" timestamp="2025-01-04T12:43:49 IST" skipped="0">
  <testcase classname="crudperform.TestPostMethod" name="test001" time="4.287"/>
  <system-out/>
</testsuite> <!-- crudperform.TestPostMethod -->
